<?xml version="1.0" encoding="UTF-8"?>
<!-- Generated by org.testng.reporters.JUnitXMLReporter -->
<testsuite ignored="0" hostname="Rajis-Air.attlocal.net" failures="1" tests="3" name="errorTest" time="24.966" errors="0" timestamp="2024-02-15T11:01:55 EST">
  <testcase classname="raji.tests.ErrorValidation" name="loginerrorvalidation" time="1.074">
    <skipped/>
  </testcase> <!-- loginerrorvalidation -->
  <testcase classname="raji.tests.ErrorValidation" name="loginerrorvalidation" time="1.009">
    <failure type="java.lang.AssertionError" message="expected [Incorrect email or password.] but found [Incorrect email  password.]">
      <![CDATA[java.lang.AssertionError: expected [Incorrect email or password.] but found [Incorrect email  password.]
at raji.tests.ErrorValidation.loginerrorvalidation(ErrorValidation.java:45)
at java.base/java.util.ArrayList.forEach(ArrayList.java:1596)
at java.base/java.util.concurrent.FutureTask.run(FutureTask.java:317)
at java.base/java.util.concurrent.ThreadPoolExecutor.runWorker(ThreadPoolExecutor.java:1144)
at java.base/java.util.concurrent.ThreadPoolExecutor$Worker.run(ThreadPoolExecutor.java:642)
at java.base/java.lang.Thread.run(Thread.java:1583)
... Removed 22 stack frames]]>
    </failure>
  </testcase> <!-- loginerrorvalidation -->
  <testcase classname="raji.tests.ErrorValidation" name="productcatalogueerror" time="5.757"/>
</testsuite> <!-- errorTest -->
